<?xml version="1.0" encoding="UTF-8"?>
<!-- Generated by org.testng.reporters.JUnitReportReporter -->
<testsuite skipped="0" hostname="VBTSCPTESTING02" name="com.sfm.centerpoint.tests.LoginPageTest" tests="5" failures="0" timestamp="01 Sep 2018 09:09:33 GMT" time="59.804" errors="0">
  <testcase name="VerifyPageTitle" time="5.853" classname="com.sfm.centerpoint.tests.LoginPageTest"/>
  <testcase name="VerifyPageURL" time="27.325" classname="com.sfm.centerpoint.tests.LoginPageTest"/>
  <testcase name="VerifyPageLogo" time="6.358" classname="com.sfm.centerpoint.tests.LoginPageTest"/>
  <testcase name="VerifyLoginButtonText" time="7.344" classname="com.sfm.centerpoint.tests.LoginPageTest"/>
  <testcase name="Verify_Login" time="12.924" classname="com.sfm.centerpoint.tests.LoginPageTest"/>
</testsuite> <!-- com.sfm.centerpoint.tests.LoginPageTest -->
