<?xml version="1.0" encoding="UTF-8"?>
<!-- Generated by org.testng.reporters.JUnitReportReporter -->
<testsuite skipped="0" hostname="VBTSCPTESTING02" name="com.sfm.centerpoint.tests.DashBoardPageTest" tests="1" failures="0" timestamp="01 Sep 2018 06:21:36 GMT" time="9.303" errors="0">
  <testcase name="VerifyDashboardPage" time="9.303" classname="com.sfm.centerpoint.tests.DashBoardPageTest"/>
</testsuite> <!-- com.sfm.centerpoint.tests.DashBoardPageTest -->
