<?xml version="1.0" encoding="UTF-8"?>
<!-- Generated by org.testng.reporters.JUnitReportReporter -->
<testsuite skipped="0" hostname="VBTSCPTESTING02" name="com.sfm.centerpoint.tests.LoginPageTest" tests="5" failures="0" timestamp="05 Sep 2018 07:26:19 GMT" time="31.188" errors="0">
  <testcase name="VerifyPageTitle" time="5.376" classname="com.sfm.centerpoint.tests.LoginPageTest"/>
  <testcase name="VerifyPageURL" time="5.274" classname="com.sfm.centerpoint.tests.LoginPageTest"/>
  <testcase name="VerifyPageLogo" time="5.346" classname="com.sfm.centerpoint.tests.LoginPageTest"/>
  <testcase name="VerifyLoginButtonText" time="5.304" classname="com.sfm.centerpoint.tests.LoginPageTest"/>
  <testcase name="Verify_Login" time="9.888" classname="com.sfm.centerpoint.tests.LoginPageTest"/>
</testsuite> <!-- com.sfm.centerpoint.tests.LoginPageTest -->
