<?xml version="1.0" encoding="UTF-8"?>
<!-- Generated by org.testng.reporters.JUnitReportReporter -->
<testsuite skipped="0" hostname="VBTSCPTESTING02" name="com.sfm.centerpoint.tests.LoginPageTest" tests="5" failures="0" timestamp="01 Sep 2018 06:21:36 GMT" time="47.501" errors="0">
  <testcase name="VerifyPageTitle" time="6.743" classname="com.sfm.centerpoint.tests.LoginPageTest"/>
  <testcase name="VerifyPageURL" time="6.815" classname="com.sfm.centerpoint.tests.LoginPageTest"/>
  <testcase name="VerifyPageLogo" time="16.475" classname="com.sfm.centerpoint.tests.LoginPageTest"/>
  <testcase name="VerifyLoginButtonText" time="6.434" classname="com.sfm.centerpoint.tests.LoginPageTest"/>
  <testcase name="Verify_Login" time="11.034" classname="com.sfm.centerpoint.tests.LoginPageTest"/>
</testsuite> <!-- com.sfm.centerpoint.tests.LoginPageTest -->
