<?xml version="1.0" encoding="UTF-8"?>
<!-- Generated by org.testng.reporters.JUnitReportReporter -->
<testsuite skipped="0" hostname="VBTSCPTESTING02" name="com.sfm.centerpoint.tests.DashBoardPageTest" tests="1" failures="0" timestamp="05 Sep 2018 07:28:18 GMT" time="9.270" errors="0">
  <testcase name="VerifyDashboardPage" time="9.270" classname="com.sfm.centerpoint.tests.DashBoardPageTest"/>
</testsuite> <!-- com.sfm.centerpoint.tests.DashBoardPageTest -->
