<?xml version="1.0" encoding="UTF-8"?>
<!-- Generated by org.testng.reporters.JUnitReportReporter -->
<testsuite skipped="0" hostname="VBTSCPTESTING02" name="com.sfm.centerpoint.tests.LoginPageTest" tests="5" failures="0" timestamp="01 Sep 2018 10:17:57 GMT" time="42.556" errors="0">
  <testcase name="VerifyPageTitle" time="9.009" classname="com.sfm.centerpoint.tests.LoginPageTest"/>
  <testcase name="VerifyPageURL" time="7.685" classname="com.sfm.centerpoint.tests.LoginPageTest"/>
  <testcase name="VerifyPageLogo" time="7.022" classname="com.sfm.centerpoint.tests.LoginPageTest"/>
  <testcase name="VerifyLoginButtonText" time="7.337" classname="com.sfm.centerpoint.tests.LoginPageTest"/>
  <testcase name="Verify_Login" time="11.503" classname="com.sfm.centerpoint.tests.LoginPageTest"/>
</testsuite> <!-- com.sfm.centerpoint.tests.LoginPageTest -->
