<?xml version="1.0" encoding="UTF-8"?>
<!-- Generated by org.testng.reporters.JUnitReportReporter -->
<testsuite skipped="0" hostname="VBTSCPTESTING02" name="com.sfm.centerpoint.tests.LoginPageTest" tests="5" failures="0" timestamp="01 Sep 2018 11:52:49 GMT" time="35.118" errors="0">
  <testcase name="VerifyPageTitle" time="4.966" classname="com.sfm.centerpoint.tests.LoginPageTest"/>
  <testcase name="VerifyPageURL" time="4.982" classname="com.sfm.centerpoint.tests.LoginPageTest"/>
  <testcase name="VerifyPageLogo" time="5.032" classname="com.sfm.centerpoint.tests.LoginPageTest"/>
  <testcase name="VerifyLoginButtonText" time="10.166" classname="com.sfm.centerpoint.tests.LoginPageTest"/>
  <testcase name="Verify_Login" time="9.972" classname="com.sfm.centerpoint.tests.LoginPageTest"/>
</testsuite> <!-- com.sfm.centerpoint.tests.LoginPageTest -->
