<?xml version="1.0" encoding="UTF-8"?>
<!-- Generated by org.testng.reporters.JUnitReportReporter -->
<testsuite skipped="0" hostname="VBTSCPTESTING02" name="com.sfm.centerpoint.tests.DashBoardPageTest" tests="1" failures="0" timestamp="01 Sep 2018 11:52:49 GMT" time="8.347" errors="0">
  <testcase name="VerifyDashboardPage" time="8.347" classname="com.sfm.centerpoint.tests.DashBoardPageTest"/>
</testsuite> <!-- com.sfm.centerpoint.tests.DashBoardPageTest -->
